<?xml version="1.0" encoding="UTF-8"?>
<testng-results ignored="0" total="1" passed="1" failed="0" skipped="0">
  <reporter-output>
    <line>
      <![CDATA[infosys launched sucessfully]]>
    </line>
  </reporter-output>
  <suite started-at="2025-01-22T19:38:43 IST" name="Default suite" finished-at="2025-01-22T19:38:54 IST" duration-ms="10547">
    <groups>
    </groups>
    <test started-at="2025-01-22T19:38:43 IST" name="Default test" finished-at="2025-01-22T19:38:54 IST" duration-ms="10547">
      <class name="Company.InfosysTest">
        <test-method signature="launch()[pri:0, instance:Company.InfosysTest@46cdf8bd]" started-at="2025-01-22T19:38:43 IST" name="launch" finished-at="2025-01-22T19:38:54 IST" duration-ms="10371" status="PASS">
          <reporter-output>
            <line>
              <![CDATA[infosys launched sucessfully]]>
            </line>
          </reporter-output>
        </test-method> <!-- launch -->
      </class> <!-- Company.InfosysTest -->
    </test> <!-- Default test -->
  </suite> <!-- Default suite -->
</testng-results>
